0 info it worked if it ends with ok
1 verbose cli [ '/usr/local/Cellar/node/7.2.1/bin/node',
1 verbose cli   '/usr/local/bin/npm',
1 verbose cli   'run',
1 verbose cli   'knex',
1 verbose cli   'migrate:latest' ]
2 info using npm@3.10.9
3 info using node@v7.2.1
4 verbose run-script [ 'preknex', 'knex', 'postknex' ]
5 info lifecycle beerista@0.1.0~preknex: beerista@0.1.0
6 silly lifecycle beerista@0.1.0~preknex: no script for preknex, continuing
7 info lifecycle beerista@0.1.0~knex: beerista@0.1.0
8 verbose lifecycle beerista@0.1.0~knex: unsafe-perm in lifecycle true
9 verbose lifecycle beerista@0.1.0~knex: PATH: /usr/local/lib/node_modules/npm/bin/node-gyp-bin:/Users/jamiesonbates/Projects/beerista/node_modules/.bin:/usr/local/Cellar/node/7.2.1/bin:/usr/local/bin:/usr/bin:/bin:/usr/sbin:/sbin
10 verbose lifecycle beerista@0.1.0~knex: CWD: /Users/jamiesonbates/Projects/beerista
11 silly lifecycle beerista@0.1.0~knex: Args: [ '-c', 'knex "migrate:latest"' ]
12 info lifecycle beerista@0.1.0~knex: Failed to exec knex script
13 verbose stack Error: beerista@0.1.0 knex: `knex "migrate:latest"`
13 verbose stack spawn ENOENT
13 verbose stack     at ChildProcess.<anonymous> (/usr/local/lib/node_modules/npm/lib/utils/spawn.js:33:16)
13 verbose stack     at emitTwo (events.js:106:13)
13 verbose stack     at ChildProcess.emit (events.js:191:7)
13 verbose stack     at maybeClose (internal/child_process.js:885:16)
13 verbose stack     at Process.ChildProcess._handle.onexit (internal/child_process.js:226:5)
14 verbose pkgid beerista@0.1.0
15 verbose cwd /Users/jamiesonbates/Projects/beerista/seeds
16 error Darwin 16.1.0
17 error argv "/usr/local/Cellar/node/7.2.1/bin/node" "/usr/local/bin/npm" "run" "knex" "migrate:latest"
18 error node v7.2.1
19 error npm  v3.10.9
20 error file sh
21 error code ELIFECYCLE
22 error errno ENOENT
23 error syscall spawn
24 error beerista@0.1.0 knex: `knex "migrate:latest"`
24 error spawn ENOENT
25 error Failed at the beerista@0.1.0 knex script 'knex "migrate:latest"'.
25 error Make sure you have the latest version of node.js and npm installed.
25 error If you do, this is most likely a problem with the beerista package,
25 error not with npm itself.
25 error Tell the author that this fails on your system:
25 error     knex "migrate:latest"
25 error You can get information on how to open an issue for this project with:
25 error     npm bugs beerista
25 error Or if that isn't available, you can get their info via:
25 error     npm owner ls beerista
25 error There is likely additional logging output above.
26 verbose exit [ 1, true ]
